<?xml version="1.0" encoding="UTF-8" ?>
<testsuite tests="9" failures="3" name="TestSuite" time="4.795" errors="0" skipped="0">
  <properties>
    <property name="java.runtime.name" value="Java(TM) SE Runtime Environment"/>
    <property name="java.vm.version" value="17.0.9+11-LTS-201"/>
    <property name="sun.boot.library.path" value="C:\Program Files\Java\jdk-17\bin"/>
    <property name="maven.multiModuleProjectDirectory" value="F:\2024\AutomationFrameworks\httpclient"/>
    <property name="java.vm.vendor" value="Oracle Corporation"/>
    <property name="java.vendor.url" value="https://java.oracle.com/"/>
    <property name="guice.disable.misplaced.annotation.check" value="true"/>
    <property name="path.separator" value=";"/>
    <property name="java.vm.name" value="Java HotSpot(TM) 64-Bit Server VM"/>
    <property name="sun.os.patch.level" value=""/>
    <property name="user.script" value=""/>
    <property name="user.country" value="CN"/>
    <property name="sun.java.launcher" value="SUN_STANDARD"/>
    <property name="java.vm.specification.name" value="Java Virtual Machine Specification"/>
    <property name="user.dir" value="F:\2024\AutomationFrameworks\httpclient"/>
    <property name="java.vm.compressedOopsMode" value="32-bit"/>
    <property name="java.runtime.version" value="17.0.9+11-LTS-201"/>
    <property name="basedir" value="F:\2024\AutomationFrameworks\httpclient"/>
    <property name="os.arch" value="amd64"/>
    <property name="java.io.tmpdir" value="C:\Users\France\AppData\Local\Temp\"/>
    <property name="line.separator" value="
"/>
    <property name="java.vm.specification.vendor" value="Oracle Corporation"/>
    <property name="user.variant" value=""/>
    <property name="os.name" value="Windows 10"/>
    <property name="classworlds.conf" value="F:\apache-maven-3.8.8\bin\m2.conf"/>
    <property name="sun.jnu.encoding" value="GBK"/>
    <property name="java.library.path" value="C:\Program Files\Java\jdk-17\bin;C:\WINDOWS\Sun\Java\bin;C:\WINDOWS\system32;C:\WINDOWS;F:\vm\bin\;C:\Program Files\Common Files\Oracle\Java\javapath;C:\Program Files (x86)\Common Files\Oracle\Java\javapath;F:\oracle\Oracle11g64\product\11.2.0\dbhome_1\bin;C:\ProgramData\Oracle\Java\javapath;C:\WINDOWS\system32;C:\WINDOWS;C:\WINDOWS\System32\Wbem;C:\WINDOWS\System32\WindowsPowerShell\v1.0\;C:\Program Files\mysql\bin;C:\WINDOWS\System32\OpenSSH\;C:\Program Files\Java\jdk-17\bin;C:\Program Files (x86)\NVIDIA Corporation\PhysX\Common;F:\apache-maven-3.8.8\bin;E:\python\Scripts;E:\python;C:\Users\France\AppData\Local\Microsoft\WindowsApps;D:\node-v10.16.0-win-x64;F:\visual studio\Microsoft VS Code\bin;F:\IDEA\bin;F:\Fiddler;C:\Program Files\nodejs\;F:\;F:\android-sdk\platform-tools;F:\android-sdk\tools;F:\git\Git\cmd;C:\WINDOWS\system32;C:\WINDOWS;C:\WINDOWS\System32\Wbem;C:\WINDOWS\System32\WindowsPowerShell\v1.0\;C:\WINDOWS\System32\OpenSSH\;F:\apache-jmeter-5.6.3\lib\ext\ApacheJMeter_core.jar;F:\apache-jmeter-5.6.3\lib\jorphan.jar;C:\Users\France\AppData\Local\Microsoft\WindowsApps;D:\node-v10.16.0-win-x64;F:\visual studio\Microsoft VS Code\bin;F:\IDEA\bin;F:\Fiddler;C:\Users\France\AppData\Roaming\npm;F:\android-sdk\platform-tools;F:\android-sdk\tools;;F:\IDEA\IntelliJ IDEA Community Edition 2023.3.1\bin;;C:\Users\France\AppData\Local\Microsoft\WindowsApps;."/>
    <property name="surefire.test.class.path" value="F:\2024\AutomationFrameworks\httpclient\target\test-classes;F:\2024\AutomationFrameworks\httpclient\target\classes;C:\Users\France\.m2\repository\com\squareup\okhttp3\okhttp\3.10.0\okhttp-3.10.0.jar;C:\Users\France\.m2\repository\com\squareup\okio\okio\1.14.0\okio-1.14.0.jar;C:\Users\France\.m2\repository\org\apache\maven\maven-plugin-api\2.0\maven-plugin-api-2.0.jar;C:\Users\France\.m2\repository\org\apache\maven\plugin-tools\maven-plugin-annotations\3.2\maven-plugin-annotations-3.2.jar;C:\Users\France\.m2\repository\org\apache\maven\maven-artifact\3.0\maven-artifact-3.0.jar;C:\Users\France\.m2\repository\org\codehaus\plexus\plexus-utils\3.0.24\plexus-utils-3.0.24.jar;C:\Users\France\.m2\repository\junit\junit\4.13.1\junit-4.13.1.jar;C:\Users\France\.m2\repository\org\hamcrest\hamcrest-core\1.3\hamcrest-core-1.3.jar;C:\Users\France\.m2\repository\org\testng\testng\7.4.0\testng-7.4.0.jar;C:\Users\France\.m2\repository\com\beust\jcommander\1.78\jcommander-1.78.jar;C:\Users\France\.m2\repository\org\webjars\jquery\3.5.1\jquery-3.5.1.jar;C:\Users\France\.m2\repository\com\relevantcodes\extentreports\2.41.1\extentreports-2.41.1.jar;C:\Users\France\.m2\repository\org\jsoup\jsoup\1.8.3\jsoup-1.8.3.jar;C:\Users\France\.m2\repository\org\xerial\sqlite-jdbc\3.8.11.1\sqlite-jdbc-3.8.11.1.jar;C:\Users\France\.m2\repository\org\freemarker\freemarker\2.3.23\freemarker-2.3.23.jar;C:\Users\France\.m2\repository\org\mongodb\mongodb-driver\3.0.4\mongodb-driver-3.0.4.jar;C:\Users\France\.m2\repository\org\mongodb\bson\3.0.4\bson-3.0.4.jar;C:\Users\France\.m2\repository\org\mongodb\mongodb-driver-core\3.0.4\mongodb-driver-core-3.0.4.jar;C:\Users\France\.m2\repository\com\vimalselvam\testng-extentsreport\1.3.1\testng-extentsreport-1.3.1.jar;C:\Users\France\.m2\repository\com\google\guava\guava\20.0\guava-20.0.jar;C:\Users\France\.m2\repository\com\aventstack\extentreports\3.0.6\extentreports-3.0.6.jar;C:\Users\France\.m2\repository\org\apache\httpcomponents\httpclient\4.5.2\httpclient-4.5.2.jar;C:\Users\France\.m2\repository\org\apache\httpcomponents\httpcore\4.4.4\httpcore-4.4.4.jar;C:\Users\France\.m2\repository\commons-logging\commons-logging\1.2\commons-logging-1.2.jar;C:\Users\France\.m2\repository\org\apache\httpcomponents\httpmime\4.5.2\httpmime-4.5.2.jar;C:\Users\France\.m2\repository\mysql\mysql-connector-java\5.1.45\mysql-connector-java-5.1.45.jar;C:\Users\France\.m2\repository\com\alibaba\druid\1.0.9\druid-1.0.9.jar;C:\Users\France\.m2\repository\org\json\json\20170516\json-20170516.jar;C:\Users\France\.m2\repository\org\mybatis\mybatis\3.4.4\mybatis-3.4.4.jar;C:\Users\France\.m2\repository\org\apache\poi\poi\4.1.2\poi-4.1.2.jar;C:\Users\France\.m2\repository\commons-codec\commons-codec\1.13\commons-codec-1.13.jar;C:\Users\France\.m2\repository\org\apache\commons\commons-collections4\4.4\commons-collections4-4.4.jar;C:\Users\France\.m2\repository\org\apache\commons\commons-math3\3.6.1\commons-math3-3.6.1.jar;C:\Users\France\.m2\repository\com\zaxxer\SparseBitSet\1.2\SparseBitSet-1.2.jar;C:\Users\France\.m2\repository\org\apache\poi\poi-ooxml\4.1.2\poi-ooxml-4.1.2.jar;C:\Users\France\.m2\repository\org\apache\poi\poi-ooxml-schemas\4.1.2\poi-ooxml-schemas-4.1.2.jar;C:\Users\France\.m2\repository\org\apache\xmlbeans\xmlbeans\3.1.0\xmlbeans-3.1.0.jar;C:\Users\France\.m2\repository\org\apache\commons\commons-compress\1.19\commons-compress-1.19.jar;C:\Users\France\.m2\repository\com\github\virtuald\curvesapi\1.06\curvesapi-1.06.jar;"/>
    <property name="maven.conf" value="F:\apache-maven-3.8.8/conf"/>
    <property name="jdk.debug" value="release"/>
    <property name="java.class.version" value="61.0"/>
    <property name="java.specification.name" value="Java Platform API Specification"/>
    <property name="sun.management.compiler" value="HotSpot 64-Bit Tiered Compilers"/>
    <property name="os.version" value="10.0"/>
    <property name="library.jansi.path" value="F:\apache-maven-3.8.8\lib\jansi-native"/>
    <property name="user.home" value="C:\Users\France"/>
    <property name="user.timezone" value="Asia/Shanghai"/>
    <property name="file.encoding" value="GBK"/>
    <property name="java.specification.version" value="17"/>
    <property name="user.name" value="France"/>
    <property name="java.class.path" value="F:\apache-maven-3.8.8\boot\plexus-classworlds-2.6.0.jar"/>
    <property name="java.vm.specification.version" value="17"/>
    <property name="sun.arch.data.model" value="64"/>
    <property name="sun.java.command" value="org.codehaus.plexus.classworlds.launcher.Launcher clean package"/>
    <property name="java.home" value="C:\Program Files\Java\jdk-17"/>
    <property name="user.language" value="zh"/>
    <property name="java.specification.vendor" value="Oracle Corporation"/>
    <property name="java.vm.info" value="mixed mode, sharing"/>
    <property name="java.version" value="17.0.9"/>
    <property name="native.encoding" value="GBK"/>
    <property name="java.vendor" value="Oracle Corporation"/>
    <property name="sun.stderr.encoding" value="ms936"/>
    <property name="maven.home" value="F:\apache-maven-3.8.8"/>
    <property name="localRepository" value="C:\Users\France\.m2\repository"/>
    <property name="file.separator" value="\"/>
    <property name="java.version.date" value="2023-10-17"/>
    <property name="java.vendor.url.bug" value="https://bugreport.java.com/bugreport/"/>
    <property name="sun.io.unicode.encoding" value="UnicodeLittle"/>
    <property name="sun.cpu.endian" value="little"/>
    <property name="sun.stdout.encoding" value="ms936"/>
    <property name="sun.cpu.isalist" value="amd64"/>
  </properties>
  <testcase name="a" time="1.113"/>
  <testcase name="a" time="0.53">
    <failure message="The following asserts failed:
	(测试员：涂强)-(用例编号：2)-(用例名称：测试首页正确返回)-和预期结果不一致 expected [true] but found [false]" type="java.lang.AssertionError">java.lang.AssertionError: The following asserts failed:
	(测试员：涂强)-(用例编号：2)-(用例名称：测试首页正确返回)-和预期结果不一致 expected [true] but found [false]
	at org.testng.asserts.SoftAssert.assertAll(SoftAssert.java:47)
	at org.testng.asserts.SoftAssert.assertAll(SoftAssert.java:31)
	at combat.Basics.a(Basics.java:54)
</failure>
  </testcase>
  <testcase name="a" time="0.253"/>
  <testcase name="a" time="0.431"/>
  <testcase name="a" time="0.399">
    <failure message="The following asserts failed:
	(测试员：涂强)-(用例编号：2)-(用例名称：测试首页正确返回)-和预期结果不一致 expected [true] but found [false]" type="java.lang.AssertionError">java.lang.AssertionError: The following asserts failed:
	(测试员：涂强)-(用例编号：2)-(用例名称：测试首页正确返回)-和预期结果不一致 expected [true] but found [false]
	at org.testng.asserts.SoftAssert.assertAll(SoftAssert.java:47)
	at org.testng.asserts.SoftAssert.assertAll(SoftAssert.java:31)
	at combat.Basics.a(Basics.java:54)
</failure>
  </testcase>
  <testcase name="a" time="0.211"/>
  <testcase name="a" time="0.197"/>
  <testcase name="a" time="0.21">
    <failure message="The following asserts failed:
	(测试员：涂强)-(用例编号：2)-(用例名称：测试首页正确返回)-和预期结果不一致 expected [true] but found [false]" type="java.lang.AssertionError">java.lang.AssertionError: The following asserts failed:
	(测试员：涂强)-(用例编号：2)-(用例名称：测试首页正确返回)-和预期结果不一致 expected [true] but found [false]
	at org.testng.asserts.SoftAssert.assertAll(SoftAssert.java:47)
	at org.testng.asserts.SoftAssert.assertAll(SoftAssert.java:31)
	at combat.Basics.a(Basics.java:54)
</failure>
  </testcase>
  <testcase name="a" time="0.303"/>
</testsuite>